<?xml version="1.0" ?>
<!DOCTYPE coverage SYSTEM "http://cobertura.sourceforge.net/xml/coverage-04.dtd">
<coverage lines-valid="203"  lines-covered="53"  line-rate="0.2611"  branches-valid="136"  branches-covered="7"  branch-rate="0.051500000000000004"  timestamp="1532258033736" complexity="0" version="0.1">
<sources>
	<source>E:\E\projects\Node Projects\stella_assignment\providerscc</source>
</sources>
<packages>
	<package name="src"  line-rate="0.2683"  branch-rate="0" >
	<classes>
		<class name="db.js"  filename="src\db.js"  line-rate="0.5556"  branch-rate="0" >
		<methods>
			<method name="(anonymous_1)"  hits="1"  signature="()V" >
				<lines><line number="19"  hits="1" /></lines>
			</method>
			<method name="(anonymous_2)"  hits="0"  signature="()V" >
				<lines><line number="22"  hits="0" /></lines>
			</method>
			<method name="(anonymous_3)"  hits="0"  signature="()V" >
				<lines><line number="37"  hits="0" /></lines>
			</method>
			<method name="(anonymous_4)"  hits="0"  signature="()V" >
				<lines><line number="40"  hits="0" /></lines>
			</method>
		</methods>
		<lines>
			<line number="2"  hits="1"  branch="false" />
			<line number="3"  hits="1"  branch="false" />
			<line number="4"  hits="1"  branch="false" />
			<line number="5"  hits="1"  branch="false" />
			<line number="9"  hits="1"  branch="false" />
			<line number="10"  hits="1"  branch="false" />
			<line number="19"  hits="1"  branch="false" />
			<line number="20"  hits="1"  branch="false" />
			<line number="21"  hits="1"  branch="false" />
			<line number="22"  hits="1"  branch="false" />
			<line number="23"  hits="0"  branch="true"  condition-coverage="0% (0/2)" />
			<line number="24"  hits="0"  branch="false" />
			<line number="37"  hits="0"  branch="false" />
			<line number="38"  hits="0"  branch="false" />
			<line number="39"  hits="0"  branch="false" />
			<line number="41"  hits="0"  branch="false" />
			<line number="45"  hits="0"  branch="false" />
			<line number="50"  hits="0"  branch="false" />
		</lines>
		</class>
		<class name="main.js"  filename="src\main.js"  line-rate="0.36"  branch-rate="0" >
		<methods>
			<method name="(anonymous_1)"  hits="0"  signature="()V" >
				<lines><line number="9"  hits="0" /></lines>
			</method>
			<method name="(anonymous_2)"  hits="0"  signature="()V" >
				<lines><line number="21"  hits="0" /></lines>
			</method>
			<method name="(anonymous_3)"  hits="0"  signature="()V" >
				<lines><line number="29"  hits="0" /></lines>
			</method>
		</methods>
		<lines>
			<line number="2"  hits="1"  branch="false" />
			<line number="3"  hits="1"  branch="false" />
			<line number="4"  hits="1"  branch="false" />
			<line number="5"  hits="1"  branch="false" />
			<line number="6"  hits="1"  branch="false" />
			<line number="7"  hits="1"  branch="false" />
			<line number="9"  hits="1"  branch="false" />
			<line number="10"  hits="0"  branch="false" />
			<line number="12"  hits="1"  branch="false" />
			<line number="13"  hits="1"  branch="false" />
			<line number="14"  hits="0"  branch="true"  condition-coverage="0% (0/2)" />
			<line number="15"  hits="0"  branch="false" />
			<line number="16"  hits="0"  branch="false" />
			<line number="17"  hits="0"  branch="false" />
			<line number="18"  hits="0"  branch="false" />
			<line number="19"  hits="0"  branch="false" />
			<line number="20"  hits="0"  branch="false" />
			<line number="21"  hits="0"  branch="false" />
			<line number="22"  hits="0"  branch="false" />
			<line number="28"  hits="0"  branch="false" />
			<line number="29"  hits="0"  branch="false" />
			<line number="30"  hits="0"  branch="false" />
			<line number="31"  hits="0"  branch="false" />
			<line number="32"  hits="0"  branch="false" />
			<line number="34"  hits="0"  branch="false" />
		</lines>
		</class>
		<class name="validator.js"  filename="src\validator.js"  line-rate="0.07690000000000001"  branch-rate="0" >
		<methods>
			<method name="(anonymous_1)"  hits="0"  signature="()V" >
				<lines><line number="3"  hits="0" /></lines>
			</method>
			<method name="(anonymous_2)"  hits="0"  signature="()V" >
				<lines><line number="32"  hits="0" /></lines>
			</method>
		</methods>
		<lines>
			<line number="2"  hits="1"  branch="false" />
			<line number="3"  hits="1"  branch="false" />
			<line number="4"  hits="0"  branch="false" />
			<line number="5"  hits="0"  branch="false" />
			<line number="6"  hits="0"  branch="false" />
			<line number="7"  hits="0"  branch="false" />
			<line number="8"  hits="0"  branch="false" />
			<line number="9"  hits="0"  branch="true"  condition-coverage="0% (0/4)" />
			<line number="10"  hits="0"  branch="false" />
			<line number="11"  hits="0"  branch="true"  condition-coverage="0% (0/2)" />
			<line number="12"  hits="0"  branch="false" />
			<line number="14"  hits="0"  branch="false" />
			<line number="15"  hits="0"  branch="false" />
			<line number="16"  hits="0"  branch="false" />
			<line number="17"  hits="0"  branch="false" />
			<line number="18"  hits="0"  branch="true"  condition-coverage="0% (0/2)" />
			<line number="19"  hits="0"  branch="true"  condition-coverage="0% (0/2)" />
			<line number="20"  hits="0"  branch="false" />
			<line number="21"  hits="0"  branch="false" />
			<line number="24"  hits="0"  branch="false" />
			<line number="25"  hits="0"  branch="false" />
			<line number="27"  hits="0"  branch="true"  condition-coverage="0% (0/2)" />
			<line number="28"  hits="0"  branch="false" />
			<line number="30"  hits="0"  branch="false" />
			<line number="32"  hits="1"  branch="false" />
			<line number="33"  hits="0"  branch="false" />
			<line number="34"  hits="0"  branch="true"  condition-coverage="0% (0/5)" />
			<line number="35"  hits="0"  branch="true"  condition-coverage="0% (0/4)" />
			<line number="36"  hits="0"  branch="true"  condition-coverage="0% (0/2)" />
			<line number="37"  hits="0"  branch="false" />
			<line number="40"  hits="0"  branch="false" />
			<line number="41"  hits="0"  branch="true"  condition-coverage="0% (0/4)" />
			<line number="42"  hits="0"  branch="true"  condition-coverage="0% (0/2)" />
			<line number="43"  hits="0"  branch="false" />
			<line number="46"  hits="0"  branch="true"  condition-coverage="0% (0/4)" />
			<line number="47"  hits="0"  branch="true"  condition-coverage="0% (0/2)" />
			<line number="48"  hits="0"  branch="false" />
			<line number="53"  hits="0"  branch="false" />
			<line number="54"  hits="0"  branch="false" />
		</lines>
		</class>
	</classes>
	</package>
	<package name="src.config"  line-rate="0.7778"  branch-rate="0.3333" >
	<classes>
		<class name="config.js"  filename="src\config\config.js"  line-rate="0.7778"  branch-rate="0.3333" >
		<methods>
			<method name="(anonymous_1)"  hits="1"  signature="()V" >
				<lines><line number="7"  hits="1" /></lines>
			</method>
		</methods>
		<lines>
			<line number="6"  hits="1"  branch="false" />
			<line number="7"  hits="1"  branch="false" />
			<line number="8"  hits="1"  branch="false" />
			<line number="16"  hits="1"  branch="false" />
			<line number="24"  hits="1"  branch="true"  condition-coverage="33.33333333333333% (1/3)" />
			<line number="26"  hits="0"  branch="false" />
			<line number="28"  hits="0"  branch="false" />
			<line number="30"  hits="1"  branch="false" />
			<line number="33"  hits="1"  branch="false" />
		</lines>
		</class>
	</classes>
	</package>
	<package name="src.controllers"  line-rate="0.2143"  branch-rate="0.0638" >
	<classes>
		<class name="provider.js"  filename="src\controllers\provider.js"  line-rate="0.2143"  branch-rate="0.0638" >
		<methods>
			<method name="(anonymous_1)"  hits="0"  signature="()V" >
				<lines><line number="2"  hits="0" /></lines>
			</method>
			<method name="(anonymous_2)"  hits="0"  signature="()V" >
				<lines><line number="3"  hits="0" /></lines>
			</method>
			<method name="fulfilled"  hits="0"  signature="()V" >
				<lines><line number="4"  hits="0" /></lines>
			</method>
			<method name="rejected"  hits="0"  signature="()V" >
				<lines><line number="5"  hits="0" /></lines>
			</method>
			<method name="step"  hits="0"  signature="()V" >
				<lines><line number="6"  hits="0" /></lines>
			</method>
			<method name="(anonymous_6)"  hits="0"  signature="()V" >
				<lines><line number="6"  hits="0" /></lines>
			</method>
			<method name="(anonymous_7)"  hits="0"  signature="()V" >
				<lines><line number="10"  hits="0" /></lines>
			</method>
			<method name="(anonymous_8)"  hits="0"  signature="()V" >
				<lines><line number="11"  hits="0" /></lines>
			</method>
			<method name="(anonymous_9)"  hits="0"  signature="()V" >
				<lines><line number="12"  hits="0" /></lines>
			</method>
			<method name="verb"  hits="0"  signature="()V" >
				<lines><line number="13"  hits="0" /></lines>
			</method>
			<method name="(anonymous_11)"  hits="0"  signature="()V" >
				<lines><line number="13"  hits="0" /></lines>
			</method>
			<method name="step"  hits="0"  signature="()V" >
				<lines><line number="14"  hits="0" /></lines>
			</method>
			<method name="(anonymous_13)"  hits="1"  signature="()V" >
				<lines><line number="45"  hits="1" /></lines>
			</method>
			<method name="Providers"  hits="1"  signature="()V" >
				<lines><line number="46"  hits="1" /></lines>
			</method>
			<method name="(anonymous_15)"  hits="0"  signature="()V" >
				<lines><line number="54"  hits="0" /></lines>
			</method>
			<method name="(anonymous_16)"  hits="0"  signature="()V" >
				<lines><line number="71"  hits="0" /></lines>
			</method>
			<method name="(anonymous_17)"  hits="0"  signature="()V" >
				<lines><line number="97"  hits="0" /></lines>
			</method>
			<method name="(anonymous_18)"  hits="0"  signature="()V" >
				<lines><line number="97"  hits="0" /></lines>
			</method>
			<method name="(anonymous_19)"  hits="0"  signature="()V" >
				<lines><line number="99"  hits="0" /></lines>
			</method>
			<method name="(anonymous_20)"  hits="0"  signature="()V" >
				<lines><line number="101"  hits="0" /></lines>
			</method>
			<method name="(anonymous_21)"  hits="0"  signature="()V" >
				<lines><line number="103"  hits="0" /></lines>
			</method>
			<method name="(anonymous_22)"  hits="0"  signature="()V" >
				<lines><line number="106"  hits="0" /></lines>
			</method>
			<method name="(anonymous_23)"  hits="0"  signature="()V" >
				<lines><line number="127"  hits="0" /></lines>
			</method>
			<method name="(anonymous_24)"  hits="0"  signature="()V" >
				<lines><line number="138"  hits="0" /></lines>
			</method>
			<method name="(anonymous_25)"  hits="0"  signature="()V" >
				<lines><line number="140"  hits="0" /></lines>
			</method>
			<method name="(anonymous_26)"  hits="0"  signature="()V" >
				<lines><line number="142"  hits="0" /></lines>
			</method>
			<method name="(anonymous_27)"  hits="0"  signature="()V" >
				<lines><line number="144"  hits="0" /></lines>
			</method>
			<method name="(anonymous_28)"  hits="0"  signature="()V" >
				<lines><line number="156"  hits="0" /></lines>
			</method>
			<method name="(anonymous_29)"  hits="0"  signature="()V" >
				<lines><line number="169"  hits="0" /></lines>
			</method>
			<method name="(anonymous_30)"  hits="0"  signature="()V" >
				<lines><line number="187"  hits="0" /></lines>
			</method>
			<method name="(anonymous_31)"  hits="0"  signature="()V" >
				<lines><line number="189"  hits="0" /></lines>
			</method>
			<method name="(anonymous_32)"  hits="0"  signature="()V" >
				<lines><line number="190"  hits="0" /></lines>
			</method>
			<method name="(anonymous_33)"  hits="0"  signature="()V" >
				<lines><line number="218"  hits="0" /></lines>
			</method>
		</methods>
		<lines>
			<line number="2"  hits="1"  branch="true"  condition-coverage="100% (3/3)" />
			<line number="3"  hits="0"  branch="true"  condition-coverage="0% (0/2)" />
			<line number="4"  hits="1"  branch="false" />
			<line number="5"  hits="1"  branch="false" />
			<line number="6"  hits="1"  branch="true"  condition-coverage="0% (0/2)" />
			<line number="7"  hits="0"  branch="true"  condition-coverage="0% (0/2)" />
			<line number="10"  hits="1"  branch="true"  condition-coverage="100% (3/3)" />
			<line number="11"  hits="0"  branch="true"  condition-coverage="0% (0/2)" />
			<line number="12"  hits="0"  branch="true"  condition-coverage="0% (0/2)" />
			<line number="13"  hits="1"  branch="false" />
			<line number="14"  hits="1"  branch="false" />
			<line number="15"  hits="0"  branch="true"  condition-coverage="0% (0/2)" />
			<line number="16"  hits="0"  branch="false" />
			<line number="17"  hits="0"  branch="true"  condition-coverage="0% (0/13)" />
			<line number="18"  hits="0"  branch="true"  condition-coverage="0% (0/2)" />
			<line number="19"  hits="0"  branch="true"  condition-coverage="0% (0/6)" />
			<line number="20"  hits="0"  branch="false" />
			<line number="21"  hits="0"  branch="false" />
			<line number="22"  hits="0"  branch="false" />
			<line number="23"  hits="0"  branch="false" />
			<line number="25"  hits="0"  branch="true"  condition-coverage="0% (0/7)" />
			<line number="26"  hits="0"  branch="true"  condition-coverage="0% (0/6)" />
			<line number="27"  hits="0"  branch="true"  condition-coverage="0% (0/4)" />
			<line number="28"  hits="0"  branch="true"  condition-coverage="0% (0/4)" />
			<line number="29"  hits="0"  branch="true"  condition-coverage="0% (0/2)" />
			<line number="30"  hits="0"  branch="false" />
			<line number="32"  hits="0"  branch="false" />
			<line number="33"  hits="0"  branch="false" />
			<line number="34"  hits="0"  branch="true"  condition-coverage="0% (0/4)" />
			<line number="37"  hits="1"  branch="false" />
			<line number="38"  hits="1"  branch="false" />
			<line number="39"  hits="1"  branch="false" />
			<line number="40"  hits="1"  branch="false" />
			<line number="41"  hits="1"  branch="false" />
			<line number="42"  hits="1"  branch="false" />
			<line number="44"  hits="1"  branch="false" />
			<line number="45"  hits="1"  branch="false" />
			<line number="46"  hits="1"  branch="false" />
			<line number="47"  hits="1"  branch="false" />
			<line number="54"  hits="1"  branch="false" />
			<line number="56"  hits="0"  branch="false" />
			<line number="57"  hits="0"  branch="true"  condition-coverage="0% (0/2)" />
			<line number="59"  hits="0"  branch="false" />
			<line number="69"  hits="0"  branch="false" />
			<line number="70"  hits="0"  branch="false" />
			<line number="71"  hits="0"  branch="false" />
			<line number="72"  hits="0"  branch="true"  condition-coverage="0% (0/2)" />
			<line number="73"  hits="0"  branch="false" />
			<line number="74"  hits="0"  branch="false" />
			<line number="77"  hits="0"  branch="false" />
			<line number="78"  hits="0"  branch="false" />
			<line number="79"  hits="0"  branch="false" />
			<line number="84"  hits="0"  branch="false" />
			<line number="97"  hits="1"  branch="false" />
			<line number="98"  hits="0"  branch="false" />
			<line number="99"  hits="0"  branch="false" />
			<line number="100"  hits="0"  branch="false" />
			<line number="101"  hits="0"  branch="false" />
			<line number="102"  hits="0"  branch="false" />
			<line number="103"  hits="0"  branch="false" />
			<line number="104"  hits="0"  branch="false" />
			<line number="106"  hits="0"  branch="false" />
			<line number="107"  hits="0"  branch="true"  condition-coverage="0% (0/2)" />
			<line number="108"  hits="0"  branch="false" />
			<line number="109"  hits="0"  branch="true"  condition-coverage="0% (0/4)" />
			<line number="110"  hits="0"  branch="false" />
			<line number="111"  hits="0"  branch="false" />
			<line number="112"  hits="0"  branch="false" />
			<line number="113"  hits="0"  branch="true"  condition-coverage="0% (0/2)" />
			<line number="114"  hits="0"  branch="false" />
			<line number="116"  hits="0"  branch="true"  condition-coverage="0% (0/2)" />
			<line number="117"  hits="0"  branch="false" />
			<line number="119"  hits="0"  branch="true"  condition-coverage="0% (0/2)" />
			<line number="120"  hits="0"  branch="false" />
			<line number="123"  hits="0"  branch="false" />
			<line number="128"  hits="0"  branch="false" />
			<line number="132"  hits="0"  branch="false" />
			<line number="134"  hits="0"  branch="false" />
			<line number="138"  hits="1"  branch="false" />
			<line number="139"  hits="0"  branch="false" />
			<line number="140"  hits="0"  branch="false" />
			<line number="141"  hits="0"  branch="false" />
			<line number="142"  hits="0"  branch="false" />
			<line number="143"  hits="0"  branch="true"  condition-coverage="0% (0/2)" />
			<line number="144"  hits="0"  branch="false" />
			<line number="145"  hits="0"  branch="false" />
			<line number="146"  hits="0"  branch="false" />
			<line number="156"  hits="1"  branch="false" />
			<line number="157"  hits="0"  branch="false" />
			<line number="158"  hits="0"  branch="false" />
			<line number="169"  hits="0"  branch="false" />
			<line number="170"  hits="0"  branch="true"  condition-coverage="0% (0/2)" />
			<line number="171"  hits="0"  branch="false" />
			<line number="172"  hits="0"  branch="false" />
			<line number="175"  hits="0"  branch="false" />
			<line number="176"  hits="0"  branch="false" />
			<line number="187"  hits="1"  branch="false" />
			<line number="189"  hits="0"  branch="false" />
			<line number="190"  hits="0"  branch="false" />
			<line number="191"  hits="0"  branch="true"  condition-coverage="0% (0/6)" />
			<line number="194"  hits="0"  branch="false" />
			<line number="196"  hits="0"  branch="false" />
			<line number="197"  hits="0"  branch="false" />
			<line number="198"  hits="0"  branch="false" />
			<line number="202"  hits="0"  branch="false" />
			<line number="217"  hits="0"  branch="false" />
			<line number="218"  hits="0"  branch="false" />
			<line number="219"  hits="0"  branch="true"  condition-coverage="0% (0/2)" />
			<line number="220"  hits="0"  branch="false" />
			<line number="223"  hits="0"  branch="false" />
			<line number="228"  hits="1"  branch="false" />
			<line number="230"  hits="1"  branch="false" />
		</lines>
		</class>
	</classes>
	</package>
</packages>
</coverage>
