{"E:\\E\\projects\\Node Projects\\stella_assignment\\providerscc\\src\\main.js":{"path":"E:\\E\\projects\\Node Projects\\stella_assignment\\providerscc\\src\\main.js","s":{"1":1,"2":1,"3":1,"4":1,"5":1,"6":1,"7":1,"8":0,"9":1,"10":1,"11":0,"12":0,"13":0,"14":0,"15":0,"16":0,"17":0,"18":0,"19":0,"20":0,"21":0,"22":0,"23":0,"24":0,"25":0},"b":{"1":[0,0]},"f":{"1":0,"2":0,"3":0},"fnMap":{"1":{"name":"(anonymous_1)","line":9,"loc":{"start":{"line":9,"column":54},"end":{"line":9,"column":70}}},"2":{"name":"(anonymous_2)","line":21,"loc":{"start":{"line":21,"column":13},"end":{"line":21,"column":39}}},"3":{"name":"(anonymous_3)","line":29,"loc":{"start":{"line":29,"column":28},"end":{"line":29,"column":40}}}},"statementMap":{"1":{"start":{"line":2,"column":0},"end":{"line":2,"column":26}},"2":{"start":{"line":3,"column":0},"end":{"line":3,"column":35}},"3":{"start":{"line":4,"column":0},"end":{"line":4,"column":43}},"4":{"start":{"line":5,"column":0},"end":{"line":5,"column":27}},"5":{"start":{"line":6,"column":0},"end":{"line":6,"column":25}},"6":{"start":{"line":7,"column":0},"end":{"line":7,"column":51}},"7":{"start":{"line":9,"column":0},"end":{"line":11,"column":3}},"8":{"start":{"line":10,"column":4},"end":{"line":10,"column":44}},"9":{"start":{"line":12,"column":0},"end":{"line":12,"column":57}},"10":{"start":{"line":13,"column":0},"end":{"line":13,"column":33}},"11":{"start":{"line":14,"column":0},"end":{"line":14,"column":42}},"12":{"start":{"line":15,"column":0},"end":{"line":15,"column":30}},"13":{"start":{"line":16,"column":0},"end":{"line":16,"column":48}},"14":{"start":{"line":17,"column":0},"end":{"line":17,"column":41}},"15":{"start":{"line":18,"column":0},"end":{"line":18,"column":65}},"16":{"start":{"line":19,"column":0},"end":{"line":19,"column":66}},"17":{"start":{"line":20,"column":0},"end":{"line":20,"column":99}},"18":{"start":{"line":21,"column":0},"end":{"line":23,"column":3}},"19":{"start":{"line":22,"column":4},"end":{"line":22,"column":24}},"20":{"start":{"line":28,"column":0},"end":{"line":28,"column":57}},"21":{"start":{"line":29,"column":0},"end":{"line":33,"column":3}},"22":{"start":{"line":30,"column":4},"end":{"line":30,"column":103}},"23":{"start":{"line":31,"column":4},"end":{"line":31,"column":36}},"24":{"start":{"line":32,"column":4},"end":{"line":32,"column":44}},"25":{"start":{"line":34,"column":0},"end":{"line":34,"column":25}}},"branchMap":{"1":{"line":14,"type":"binary-expr","locations":[{"start":{"line":14,"column":16},"end":{"line":14,"column":32}},{"start":{"line":14,"column":36},"end":{"line":14,"column":40}}]}}},"E:\\E\\projects\\Node Projects\\stella_assignment\\providerscc\\src\\db.js":{"path":"E:\\E\\projects\\Node Projects\\stella_assignment\\providerscc\\src\\db.js","s":{"1":1,"2":1,"3":1,"4":1,"5":1,"6":1,"7":1,"8":1,"9":1,"10":1,"11":0,"12":0,"13":0,"14":0,"15":0,"16":0,"17":0,"18":0},"b":{"1":[0,0]},"f":{"1":1,"2":0,"3":0,"4":0},"fnMap":{"1":{"name":"(anonymous_1)","line":19,"loc":{"start":{"line":19,"column":30},"end":{"line":19,"column":79}}},"2":{"name":"(anonymous_2)","line":22,"loc":{"start":{"line":22,"column":47},"end":{"line":22,"column":68}}},"3":{"name":"(anonymous_3)","line":37,"loc":{"start":{"line":37,"column":70},"end":{"line":37,"column":86}}},"4":{"name":"(anonymous_4)","line":40,"loc":{"start":{"line":40,"column":28},"end":{"line":40,"column":45}}}},"statementMap":{"1":{"start":{"line":2,"column":0},"end":{"line":2,"column":26}},"2":{"start":{"line":3,"column":0},"end":{"line":3,"column":42}},"3":{"start":{"line":4,"column":0},"end":{"line":4,"column":29}},"4":{"start":{"line":5,"column":0},"end":{"line":8,"column":2}},"5":{"start":{"line":9,"column":0},"end":{"line":9,"column":77}},"6":{"start":{"line":10,"column":0},"end":{"line":10,"column":58}},"7":{"start":{"line":19,"column":0},"end":{"line":52,"column":2}},"8":{"start":{"line":20,"column":4},"end":{"line":20,"column":42}},"9":{"start":{"line":21,"column":4},"end":{"line":51,"column":5}},"10":{"start":{"line":22,"column":8},"end":{"line":47,"column":11}},"11":{"start":{"line":23,"column":12},"end":{"line":46,"column":13}},"12":{"start":{"line":24,"column":16},"end":{"line":36,"column":18}},"13":{"start":{"line":37,"column":16},"end":{"line":42,"column":19}},"14":{"start":{"line":38,"column":20},"end":{"line":38,"column":62}},"15":{"start":{"line":39,"column":20},"end":{"line":39,"column":42}},"16":{"start":{"line":41,"column":20},"end":{"line":41,"column":51}},"17":{"start":{"line":45,"column":16},"end":{"line":45,"column":55}},"18":{"start":{"line":50,"column":8},"end":{"line":50,"column":39}}},"branchMap":{"1":{"line":23,"type":"if","locations":[{"start":{"line":23,"column":12},"end":{"line":23,"column":12}},{"start":{"line":23,"column":12},"end":{"line":23,"column":12}}]}}},"E:\\E\\projects\\Node Projects\\stella_assignment\\providerscc\\src\\config\\config.js":{"path":"E:\\E\\projects\\Node Projects\\stella_assignment\\providerscc\\src\\config\\config.js","s":{"1":1,"2":1,"3":1,"4":1,"5":1,"6":0,"7":0,"8":1,"9":1},"b":{"1":[0,0,1]},"f":{"1":1},"fnMap":{"1":{"name":"(anonymous_1)","line":7,"loc":{"start":{"line":7,"column":21},"end":{"line":7,"column":33}}}},"statementMap":{"1":{"start":{"line":6,"column":0},"end":{"line":6,"column":26}},"2":{"start":{"line":7,"column":0},"end":{"line":32,"column":2}},"3":{"start":{"line":8,"column":4},"end":{"line":15,"column":6}},"4":{"start":{"line":16,"column":4},"end":{"line":23,"column":6}},"5":{"start":{"line":24,"column":4},"end":{"line":31,"column":5}},"6":{"start":{"line":26,"column":12},"end":{"line":26,"column":31}},"7":{"start":{"line":28,"column":12},"end":{"line":28,"column":30}},"8":{"start":{"line":30,"column":12},"end":{"line":30,"column":31}},"9":{"start":{"line":33,"column":0},"end":{"line":33,"column":38}}},"branchMap":{"1":{"line":24,"type":"switch","locations":[{"start":{"line":25,"column":8},"end":{"line":26,"column":31}},{"start":{"line":27,"column":8},"end":{"line":28,"column":30}},{"start":{"line":29,"column":8},"end":{"line":30,"column":31}}]}}},"E:\\E\\projects\\Node Projects\\stella_assignment\\providerscc\\src\\controllers\\provider.js":{"path":"E:\\E\\projects\\Node Projects\\stella_assignment\\providerscc\\src\\controllers\\provider.js","s":{"1":1,"2":0,"3":1,"4":0,"5":0,"6":0,"7":1,"8":0,"9":0,"10":0,"11":1,"12":0,"13":0,"14":0,"15":1,"16":0,"17":0,"18":0,"19":0,"20":0,"21":0,"22":1,"23":0,"24":0,"25":1,"26":0,"27":0,"28":0,"29":0,"30":0,"31":0,"32":0,"33":0,"34":0,"35":0,"36":0,"37":0,"38":0,"39":0,"40":0,"41":0,"42":0,"43":0,"44":0,"45":0,"46":0,"47":0,"48":0,"49":0,"50":0,"51":0,"52":0,"53":0,"54":0,"55":0,"56":0,"57":0,"58":0,"59":0,"60":0,"61":0,"62":0,"63":0,"64":0,"65":0,"66":0,"67":0,"68":0,"69":0,"70":0,"71":1,"72":1,"73":1,"74":1,"75":1,"76":1,"77":1,"78":1,"79":1,"80":1,"81":1,"82":0,"83":0,"84":0,"85":0,"86":0,"87":0,"88":0,"89":0,"90":0,"91":0,"92":0,"93":0,"94":0,"95":1,"96":0,"97":0,"98":0,"99":0,"100":0,"101":0,"102":0,"103":0,"104":0,"105":0,"106":0,"107":0,"108":0,"109":0,"110":0,"111":0,"112":0,"113":0,"114":0,"115":0,"116":0,"117":0,"118":0,"119":0,"120":0,"121":1,"122":0,"123":0,"124":0,"125":0,"126":0,"127":0,"128":0,"129":0,"130":1,"131":0,"132":0,"133":0,"134":0,"135":0,"136":0,"137":0,"138":0,"139":1,"140":0,"141":0,"142":0,"143":0,"144":0,"145":0,"146":0,"147":0,"148":0,"149":0,"150":0,"151":0,"152":0,"153":1,"154":1},"b":{"1":[1,1,1],"2":[0,0],"3":[0,0],"4":[0,0],"5":[1,1,1],"6":[0,0],"7":[0,0],"8":[0,0],"9":[0,0],"10":[0,0,0],"11":[0,0],"12":[0,0],"13":[0,0],"14":[0,0],"15":[0,0],"16":[0,0,0,0,0,0],"17":[0,0],"18":[0,0,0],"19":[0,0],"20":[0,0],"21":[0,0,0,0],"22":[0,0],"23":[0,0],"24":[0,0],"25":[0,0],"26":[0,0],"27":[0,0],"28":[0,0],"29":[0,0],"30":[0,0],"31":[0,0],"32":[0,0],"33":[0,0],"34":[0,0],"35":[0,0],"36":[0,0],"37":[0,0],"38":[0,0],"39":[0,0,0,0,0,0],"40":[0,0]},"f":{"1":0,"2":0,"3":0,"4":0,"5":0,"6":0,"7":0,"8":0,"9":0,"10":0,"11":0,"12":0,"13":1,"14":1,"15":0,"16":0,"17":0,"18":0,"19":0,"20":0,"21":0,"22":0,"23":0,"24":0,"25":0,"26":0,"27":0,"28":0,"29":0,"30":0,"31":0,"32":0,"33":0},"fnMap":{"1":{"name":"(anonymous_1)","line":2,"loc":{"start":{"line":2,"column":44},"end":{"line":2,"column":89}}},"2":{"name":"(anonymous_2)","line":3,"loc":{"start":{"line":3,"column":36},"end":{"line":3,"column":63}}},"3":{"name":"fulfilled","line":4,"loc":{"start":{"line":4,"column":8},"end":{"line":4,"column":34}}},"4":{"name":"rejected","line":5,"loc":{"start":{"line":5,"column":8},"end":{"line":5,"column":33}}},"5":{"name":"step","line":6,"loc":{"start":{"line":6,"column":8},"end":{"line":6,"column":30}}},"6":{"name":"(anonymous_6)","line":6,"loc":{"start":{"line":6,"column":76},"end":{"line":6,"column":95}}},"7":{"name":"(anonymous_7)","line":10,"loc":{"start":{"line":10,"column":48},"end":{"line":10,"column":73}}},"8":{"name":"(anonymous_8)","line":11,"loc":{"start":{"line":11,"column":30},"end":{"line":11,"column":41}}},"9":{"name":"(anonymous_9)","line":12,"loc":{"start":{"line":12,"column":125},"end":{"line":12,"column":136}}},"10":{"name":"verb","line":13,"loc":{"start":{"line":13,"column":4},"end":{"line":13,"column":21}}},"11":{"name":"(anonymous_11)","line":13,"loc":{"start":{"line":13,"column":30},"end":{"line":13,"column":43}}},"12":{"name":"step","line":14,"loc":{"start":{"line":14,"column":4},"end":{"line":14,"column":22}}},"13":{"name":"(anonymous_13)","line":45,"loc":{"start":{"line":45,"column":31},"end":{"line":45,"column":43}}},"14":{"name":"Providers","line":46,"loc":{"start":{"line":46,"column":4},"end":{"line":46,"column":25}}},"15":{"name":"(anonymous_15)","line":54,"loc":{"start":{"line":54,"column":27},"end":{"line":54,"column":53}}},"16":{"name":"(anonymous_16)","line":71,"loc":{"start":{"line":71,"column":41},"end":{"line":71,"column":62}}},"17":{"name":"(anonymous_17)","line":97,"loc":{"start":{"line":97,"column":26},"end":{"line":97,"column":41}}},"18":{"name":"(anonymous_18)","line":97,"loc":{"start":{"line":97,"column":83},"end":{"line":97,"column":95}}},"19":{"name":"(anonymous_19)","line":99,"loc":{"start":{"line":99,"column":37},"end":{"line":99,"column":51}}},"20":{"name":"(anonymous_20)","line":101,"loc":{"start":{"line":101,"column":93},"end":{"line":101,"column":109}}},"21":{"name":"(anonymous_21)","line":103,"loc":{"start":{"line":103,"column":40},"end":{"line":103,"column":57}}},"22":{"name":"(anonymous_22)","line":106,"loc":{"start":{"line":106,"column":39},"end":{"line":106,"column":51}}},"23":{"name":"(anonymous_23)","line":127,"loc":{"start":{"line":127,"column":35},"end":{"line":127,"column":50}}},"24":{"name":"(anonymous_24)","line":138,"loc":{"start":{"line":138,"column":23},"end":{"line":138,"column":35}}},"25":{"name":"(anonymous_25)","line":140,"loc":{"start":{"line":140,"column":66},"end":{"line":140,"column":78}}},"26":{"name":"(anonymous_26)","line":142,"loc":{"start":{"line":142,"column":49},"end":{"line":142,"column":70}}},"27":{"name":"(anonymous_27)","line":144,"loc":{"start":{"line":144,"column":43},"end":{"line":144,"column":59}}},"28":{"name":"(anonymous_28)","line":156,"loc":{"start":{"line":156,"column":42},"end":{"line":156,"column":62}}},"29":{"name":"(anonymous_29)","line":169,"loc":{"start":{"line":169,"column":38},"end":{"line":169,"column":59}}},"30":{"name":"(anonymous_30)","line":187,"loc":{"start":{"line":187,"column":34},"end":{"line":187,"column":84}}},"31":{"name":"(anonymous_31)","line":189,"loc":{"start":{"line":189,"column":30},"end":{"line":189,"column":45}}},"32":{"name":"(anonymous_32)","line":190,"loc":{"start":{"line":190,"column":41},"end":{"line":190,"column":54}}},"33":{"name":"(anonymous_33)","line":218,"loc":{"start":{"line":218,"column":40},"end":{"line":218,"column":61}}}},"statementMap":{"1":{"start":{"line":2,"column":0},"end":{"line":9,"column":2}},"2":{"start":{"line":3,"column":4},"end":{"line":8,"column":7}},"3":{"start":{"line":4,"column":8},"end":{"line":4,"column":99}},"4":{"start":{"line":4,"column":36},"end":{"line":4,"column":97}},"5":{"start":{"line":4,"column":42},"end":{"line":4,"column":70}},"6":{"start":{"line":4,"column":85},"end":{"line":4,"column":95}},"7":{"start":{"line":5,"column":8},"end":{"line":5,"column":102}},"8":{"start":{"line":5,"column":35},"end":{"line":5,"column":100}},"9":{"start":{"line":5,"column":41},"end":{"line":5,"column":73}},"10":{"start":{"line":5,"column":88},"end":{"line":5,"column":98}},"11":{"start":{"line":6,"column":8},"end":{"line":6,"column":151}},"12":{"start":{"line":6,"column":32},"end":{"line":6,"column":149}},"13":{"start":{"line":6,"column":97},"end":{"line":6,"column":119}},"14":{"start":{"line":7,"column":8},"end":{"line":7,"column":78}},"15":{"start":{"line":10,"column":0},"end":{"line":36,"column":2}},"16":{"start":{"line":11,"column":4},"end":{"line":11,"column":117}},"17":{"start":{"line":11,"column":43},"end":{"line":11,"column":68}},"18":{"start":{"line":11,"column":57},"end":{"line":11,"column":68}},"19":{"start":{"line":11,"column":69},"end":{"line":11,"column":81}},"20":{"start":{"line":12,"column":4},"end":{"line":12,"column":157}},"21":{"start":{"line":12,"column":138},"end":{"line":12,"column":150}},"22":{"start":{"line":13,"column":4},"end":{"line":13,"column":70}},"23":{"start":{"line":13,"column":23},"end":{"line":13,"column":68}},"24":{"start":{"line":13,"column":45},"end":{"line":13,"column":65}},"25":{"start":{"line":14,"column":4},"end":{"line":35,"column":5}},"26":{"start":{"line":15,"column":8},"end":{"line":15,"column":70}},"27":{"start":{"line":15,"column":15},"end":{"line":15,"column":70}},"28":{"start":{"line":16,"column":8},"end":{"line":33,"column":66}},"29":{"start":{"line":16,"column":18},"end":{"line":33,"column":66}},"30":{"start":{"line":17,"column":12},"end":{"line":17,"column":169}},"31":{"start":{"line":17,"column":160},"end":{"line":17,"column":169}},"32":{"start":{"line":18,"column":12},"end":{"line":18,"column":52}},"33":{"start":{"line":18,"column":26},"end":{"line":18,"column":52}},"34":{"start":{"line":19,"column":12},"end":{"line":31,"column":13}},"35":{"start":{"line":20,"column":32},"end":{"line":20,"column":39}},"36":{"start":{"line":20,"column":40},"end":{"line":20,"column":46}},"37":{"start":{"line":21,"column":24},"end":{"line":21,"column":34}},"38":{"start":{"line":21,"column":35},"end":{"line":21,"column":72}},"39":{"start":{"line":22,"column":24},"end":{"line":22,"column":34}},"40":{"start":{"line":22,"column":35},"end":{"line":22,"column":45}},"41":{"start":{"line":22,"column":46},"end":{"line":22,"column":55}},"42":{"start":{"line":22,"column":56},"end":{"line":22,"column":65}},"43":{"start":{"line":23,"column":24},"end":{"line":23,"column":41}},"44":{"start":{"line":23,"column":42},"end":{"line":23,"column":55}},"45":{"start":{"line":23,"column":56},"end":{"line":23,"column":65}},"46":{"start":{"line":25,"column":20},"end":{"line":25,"column":128}},"47":{"start":{"line":25,"column":110},"end":{"line":25,"column":116}},"48":{"start":{"line":25,"column":117},"end":{"line":25,"column":126}},"49":{"start":{"line":26,"column":20},"end":{"line":26,"column":106}},"50":{"start":{"line":26,"column":81},"end":{"line":26,"column":97}},"51":{"start":{"line":26,"column":98},"end":{"line":26,"column":104}},"52":{"start":{"line":27,"column":20},"end":{"line":27,"column":89}},"53":{"start":{"line":27,"column":57},"end":{"line":27,"column":72}},"54":{"start":{"line":27,"column":73},"end":{"line":27,"column":80}},"55":{"start":{"line":27,"column":81},"end":{"line":27,"column":87}},"56":{"start":{"line":28,"column":20},"end":{"line":28,"column":87}},"57":{"start":{"line":28,"column":47},"end":{"line":28,"column":62}},"58":{"start":{"line":28,"column":63},"end":{"line":28,"column":78}},"59":{"start":{"line":28,"column":79},"end":{"line":28,"column":85}},"60":{"start":{"line":29,"column":20},"end":{"line":29,"column":42}},"61":{"start":{"line":29,"column":30},"end":{"line":29,"column":42}},"62":{"start":{"line":30,"column":20},"end":{"line":30,"column":33}},"63":{"start":{"line":30,"column":34},"end":{"line":30,"column":43}},"64":{"start":{"line":32,"column":12},"end":{"line":32,"column":39}},"65":{"start":{"line":33,"column":22},"end":{"line":33,"column":34}},"66":{"start":{"line":33,"column":35},"end":{"line":33,"column":41}},"67":{"start":{"line":33,"column":54},"end":{"line":33,"column":64}},"68":{"start":{"line":34,"column":8},"end":{"line":34,"column":35}},"69":{"start":{"line":34,"column":23},"end":{"line":34,"column":35}},"70":{"start":{"line":34,"column":36},"end":{"line":34,"column":89}},"71":{"start":{"line":37,"column":0},"end":{"line":37,"column":26}},"72":{"start":{"line":38,"column":0},"end":{"line":38,"column":31}},"73":{"start":{"line":39,"column":0},"end":{"line":39,"column":40}},"74":{"start":{"line":40,"column":0},"end":{"line":40,"column":26}},"75":{"start":{"line":41,"column":0},"end":{"line":41,"column":43}},"76":{"start":{"line":42,"column":0},"end":{"line":42,"column":47}},"77":{"start":{"line":44,"column":0},"end":{"line":44,"column":35}},"78":{"start":{"line":45,"column":0},"end":{"line":229,"column":5}},"79":{"start":{"line":46,"column":4},"end":{"line":227,"column":5}},"80":{"start":{"line":47,"column":8},"end":{"line":47,"column":25}},"81":{"start":{"line":54,"column":8},"end":{"line":91,"column":10}},"82":{"start":{"line":56,"column":12},"end":{"line":56,"column":110}},"83":{"start":{"line":57,"column":12},"end":{"line":90,"column":13}},"84":{"start":{"line":59,"column":16},"end":{"line":68,"column":18}},"85":{"start":{"line":69,"column":16},"end":{"line":69,"column":35}},"86":{"start":{"line":70,"column":16},"end":{"line":70,"column":56}},"87":{"start":{"line":71,"column":16},"end":{"line":81,"column":19}},"88":{"start":{"line":72,"column":20},"end":{"line":80,"column":21}},"89":{"start":{"line":73,"column":24},"end":{"line":73,"column":103}},"90":{"start":{"line":74,"column":24},"end":{"line":74,"column":106}},"91":{"start":{"line":77,"column":24},"end":{"line":77,"column":82}},"92":{"start":{"line":78,"column":24},"end":{"line":78,"column":62}},"93":{"start":{"line":79,"column":24},"end":{"line":79,"column":99}},"94":{"start":{"line":84,"column":16},"end":{"line":89,"column":19}},"95":{"start":{"line":97,"column":8},"end":{"line":136,"column":14}},"96":{"start":{"line":97,"column":43},"end":{"line":136,"column":11}},"97":{"start":{"line":98,"column":12},"end":{"line":98,"column":29}},"98":{"start":{"line":99,"column":12},"end":{"line":135,"column":15}},"99":{"start":{"line":100,"column":16},"end":{"line":133,"column":17}},"100":{"start":{"line":101,"column":20},"end":{"line":129,"column":23}},"101":{"start":{"line":102,"column":24},"end":{"line":102,"column":38}},"102":{"start":{"line":103,"column":24},"end":{"line":105,"column":27}},"103":{"start":{"line":104,"column":28},"end":{"line":104,"column":42}},"104":{"start":{"line":106,"column":24},"end":{"line":126,"column":27}},"105":{"start":{"line":107,"column":28},"end":{"line":125,"column":29}},"106":{"start":{"line":108,"column":32},"end":{"line":108,"column":67}},"107":{"start":{"line":109,"column":32},"end":{"line":124,"column":33}},"108":{"start":{"line":110,"column":36},"end":{"line":110,"column":56}},"109":{"start":{"line":111,"column":36},"end":{"line":111,"column":55}},"110":{"start":{"line":112,"column":36},"end":{"line":112,"column":57}},"111":{"start":{"line":113,"column":36},"end":{"line":115,"column":37}},"112":{"start":{"line":114,"column":40},"end":{"line":114,"column":87}},"113":{"start":{"line":116,"column":36},"end":{"line":118,"column":37}},"114":{"start":{"line":117,"column":40},"end":{"line":117,"column":85}},"115":{"start":{"line":119,"column":36},"end":{"line":121,"column":37}},"116":{"start":{"line":120,"column":40},"end":{"line":120,"column":89}},"117":{"start":{"line":123,"column":36},"end":{"line":123,"column":102}},"118":{"start":{"line":128,"column":24},"end":{"line":128,"column":61}},"119":{"start":{"line":132,"column":20},"end":{"line":132,"column":35}},"120":{"start":{"line":134,"column":16},"end":{"line":134,"column":38}},"121":{"start":{"line":138,"column":8},"end":{"line":151,"column":10}},"122":{"start":{"line":139,"column":12},"end":{"line":139,"column":29}},"123":{"start":{"line":140,"column":12},"end":{"line":150,"column":15}},"124":{"start":{"line":141,"column":16},"end":{"line":141,"column":81}},"125":{"start":{"line":142,"column":16},"end":{"line":149,"column":19}},"126":{"start":{"line":143,"column":20},"end":{"line":148,"column":21}},"127":{"start":{"line":144,"column":24},"end":{"line":147,"column":27}},"128":{"start":{"line":145,"column":28},"end":{"line":145,"column":62}},"129":{"start":{"line":146,"column":28},"end":{"line":146,"column":60}},"130":{"start":{"line":156,"column":8},"end":{"line":179,"column":10}},"131":{"start":{"line":157,"column":12},"end":{"line":157,"column":52}},"132":{"start":{"line":158,"column":12},"end":{"line":168,"column":14}},"133":{"start":{"line":169,"column":12},"end":{"line":178,"column":15}},"134":{"start":{"line":170,"column":16},"end":{"line":177,"column":17}},"135":{"start":{"line":171,"column":20},"end":{"line":171,"column":91}},"136":{"start":{"line":172,"column":20},"end":{"line":172,"column":47}},"137":{"start":{"line":175,"column":20},"end":{"line":175,"column":76}},"138":{"start":{"line":176,"column":20},"end":{"line":176,"column":48}},"139":{"start":{"line":187,"column":8},"end":{"line":226,"column":10}},"140":{"start":{"line":189,"column":12},"end":{"line":195,"column":14}},"141":{"start":{"line":190,"column":16},"end":{"line":193,"column":19}},"142":{"start":{"line":191,"column":20},"end":{"line":192,"column":75}},"143":{"start":{"line":194,"column":16},"end":{"line":194,"column":27}},"144":{"start":{"line":196,"column":12},"end":{"line":196,"column":35}},"145":{"start":{"line":197,"column":12},"end":{"line":197,"column":36}},"146":{"start":{"line":198,"column":12},"end":{"line":198,"column":36}},"147":{"start":{"line":202,"column":12},"end":{"line":216,"column":14}},"148":{"start":{"line":217,"column":12},"end":{"line":217,"column":62}},"149":{"start":{"line":218,"column":12},"end":{"line":225,"column":15}},"150":{"start":{"line":219,"column":16},"end":{"line":224,"column":17}},"151":{"start":{"line":220,"column":20},"end":{"line":220,"column":102}},"152":{"start":{"line":223,"column":20},"end":{"line":223,"column":88}},"153":{"start":{"line":228,"column":4},"end":{"line":228,"column":21}},"154":{"start":{"line":230,"column":0},"end":{"line":230,"column":37}}},"branchMap":{"1":{"line":2,"type":"binary-expr","locations":[{"start":{"line":2,"column":17},"end":{"line":2,"column":21}},{"start":{"line":2,"column":25},"end":{"line":2,"column":39}},{"start":{"line":2,"column":44},"end":{"line":9,"column":1}}]},"2":{"line":3,"type":"binary-expr","locations":[{"start":{"line":3,"column":16},"end":{"line":3,"column":17}},{"start":{"line":3,"column":22},"end":{"line":3,"column":33}}]},"3":{"line":6,"type":"cond-expr","locations":[{"start":{"line":6,"column":46},"end":{"line":6,"column":67}},{"start":{"line":6,"column":70},"end":{"line":6,"column":148}}]},"4":{"line":7,"type":"binary-expr","locations":[{"start":{"line":7,"column":51},"end":{"line":7,"column":61}},{"start":{"line":7,"column":65},"end":{"line":7,"column":67}}]},"5":{"line":10,"type":"binary-expr","locations":[{"start":{"line":10,"column":19},"end":{"line":10,"column":23}},{"start":{"line":10,"column":27},"end":{"line":10,"column":43}},{"start":{"line":10,"column":48},"end":{"line":36,"column":1}}]},"6":{"line":11,"type":"if","locations":[{"start":{"line":11,"column":43},"end":{"line":11,"column":43}},{"start":{"line":11,"column":43},"end":{"line":11,"column":43}}]},"7":{"line":12,"type":"binary-expr","locations":[{"start":{"line":12,"column":71},"end":{"line":12,"column":99}},{"start":{"line":12,"column":104},"end":{"line":12,"column":152}}]},"8":{"line":15,"type":"if","locations":[{"start":{"line":15,"column":8},"end":{"line":15,"column":8}},{"start":{"line":15,"column":8},"end":{"line":15,"column":8}}]},"9":{"line":17,"type":"if","locations":[{"start":{"line":17,"column":12},"end":{"line":17,"column":12}},{"start":{"line":17,"column":12},"end":{"line":17,"column":12}}]},"10":{"line":17,"type":"binary-expr","locations":[{"start":{"line":17,"column":23},"end":{"line":17,"column":24}},{"start":{"line":17,"column":29},"end":{"line":17,"column":125}},{"start":{"line":17,"column":130},"end":{"line":17,"column":158}}]},"11":{"line":17,"type":"cond-expr","locations":[{"start":{"line":17,"column":45},"end":{"line":17,"column":56}},{"start":{"line":17,"column":59},"end":{"line":17,"column":125}}]},"12":{"line":17,"type":"cond-expr","locations":[{"start":{"line":17,"column":67},"end":{"line":17,"column":116}},{"start":{"line":17,"column":119},"end":{"line":17,"column":125}}]},"13":{"line":17,"type":"binary-expr","locations":[{"start":{"line":17,"column":67},"end":{"line":17,"column":77}},{"start":{"line":17,"column":82},"end":{"line":17,"column":115}}]},"14":{"line":17,"type":"binary-expr","locations":[{"start":{"line":17,"column":83},"end":{"line":17,"column":98}},{"start":{"line":17,"column":103},"end":{"line":17,"column":112}}]},"15":{"line":18,"type":"if","locations":[{"start":{"line":18,"column":12},"end":{"line":18,"column":12}},{"start":{"line":18,"column":12},"end":{"line":18,"column":12}}]},"16":{"line":19,"type":"switch","locations":[{"start":{"line":20,"column":16},"end":{"line":20,"column":23}},{"start":{"line":20,"column":24},"end":{"line":20,"column":46}},{"start":{"line":21,"column":16},"end":{"line":21,"column":72}},{"start":{"line":22,"column":16},"end":{"line":22,"column":65}},{"start":{"line":23,"column":16},"end":{"line":23,"column":65}},{"start":{"line":24,"column":16},"end":{"line":30,"column":43}}]},"17":{"line":25,"type":"if","locations":[{"start":{"line":25,"column":20},"end":{"line":25,"column":20}},{"start":{"line":25,"column":20},"end":{"line":25,"column":20}}]},"18":{"line":25,"type":"binary-expr","locations":[{"start":{"line":25,"column":24},"end":{"line":25,"column":74}},{"start":{"line":25,"column":79},"end":{"line":25,"column":90}},{"start":{"line":25,"column":94},"end":{"line":25,"column":105}}]},"19":{"line":25,"type":"binary-expr","locations":[{"start":{"line":25,"column":42},"end":{"line":25,"column":54}},{"start":{"line":25,"column":58},"end":{"line":25,"column":73}}]},"20":{"line":26,"type":"if","locations":[{"start":{"line":26,"column":20},"end":{"line":26,"column":20}},{"start":{"line":26,"column":20},"end":{"line":26,"column":20}}]},"21":{"line":26,"type":"binary-expr","locations":[{"start":{"line":26,"column":24},"end":{"line":26,"column":35}},{"start":{"line":26,"column":40},"end":{"line":26,"column":42}},{"start":{"line":26,"column":47},"end":{"line":26,"column":59}},{"start":{"line":26,"column":63},"end":{"line":26,"column":75}}]},"22":{"line":27,"type":"if","locations":[{"start":{"line":27,"column":20},"end":{"line":27,"column":20}},{"start":{"line":27,"column":20},"end":{"line":27,"column":20}}]},"23":{"line":27,"type":"binary-expr","locations":[{"start":{"line":27,"column":24},"end":{"line":27,"column":35}},{"start":{"line":27,"column":39},"end":{"line":27,"column":53}}]},"24":{"line":28,"type":"if","locations":[{"start":{"line":28,"column":20},"end":{"line":28,"column":20}},{"start":{"line":28,"column":20},"end":{"line":28,"column":20}}]},"25":{"line":28,"type":"binary-expr","locations":[{"start":{"line":28,"column":24},"end":{"line":28,"column":25}},{"start":{"line":28,"column":29},"end":{"line":28,"column":43}}]},"26":{"line":29,"type":"if","locations":[{"start":{"line":29,"column":20},"end":{"line":29,"column":20}},{"start":{"line":29,"column":20},"end":{"line":29,"column":20}}]},"27":{"line":34,"type":"if","locations":[{"start":{"line":34,"column":8},"end":{"line":34,"column":8}},{"start":{"line":34,"column":8},"end":{"line":34,"column":8}}]},"28":{"line":34,"type":"cond-expr","locations":[{"start":{"line":34,"column":60},"end":{"line":34,"column":65}},{"start":{"line":34,"column":68},"end":{"line":34,"column":74}}]},"29":{"line":57,"type":"if","locations":[{"start":{"line":57,"column":12},"end":{"line":57,"column":12}},{"start":{"line":57,"column":12},"end":{"line":57,"column":12}}]},"30":{"line":72,"type":"if","locations":[{"start":{"line":72,"column":20},"end":{"line":72,"column":20}},{"start":{"line":72,"column":20},"end":{"line":72,"column":20}}]},"31":{"line":107,"type":"if","locations":[{"start":{"line":107,"column":28},"end":{"line":107,"column":28}},{"start":{"line":107,"column":28},"end":{"line":107,"column":28}}]},"32":{"line":109,"type":"if","locations":[{"start":{"line":109,"column":32},"end":{"line":109,"column":32}},{"start":{"line":109,"column":32},"end":{"line":109,"column":32}}]},"33":{"line":109,"type":"binary-expr","locations":[{"start":{"line":109,"column":36},"end":{"line":109,"column":78}},{"start":{"line":109,"column":82},"end":{"line":109,"column":112}}]},"34":{"line":113,"type":"if","locations":[{"start":{"line":113,"column":36},"end":{"line":113,"column":36}},{"start":{"line":113,"column":36},"end":{"line":113,"column":36}}]},"35":{"line":116,"type":"if","locations":[{"start":{"line":116,"column":36},"end":{"line":116,"column":36}},{"start":{"line":116,"column":36},"end":{"line":116,"column":36}}]},"36":{"line":119,"type":"if","locations":[{"start":{"line":119,"column":36},"end":{"line":119,"column":36}},{"start":{"line":119,"column":36},"end":{"line":119,"column":36}}]},"37":{"line":143,"type":"if","locations":[{"start":{"line":143,"column":20},"end":{"line":143,"column":20}},{"start":{"line":143,"column":20},"end":{"line":143,"column":20}}]},"38":{"line":170,"type":"if","locations":[{"start":{"line":170,"column":16},"end":{"line":170,"column":16}},{"start":{"line":170,"column":16},"end":{"line":170,"column":16}}]},"39":{"line":191,"type":"binary-expr","locations":[{"start":{"line":191,"column":28},"end":{"line":191,"column":34}},{"start":{"line":191,"column":38},"end":{"line":191,"column":64}},{"start":{"line":191,"column":69},"end":{"line":191,"column":88}},{"start":{"line":192,"column":25},"end":{"line":192,"column":32}},{"start":{"line":192,"column":36},"end":{"line":192,"column":56}},{"start":{"line":192,"column":61},"end":{"line":192,"column":74}}]},"40":{"line":219,"type":"if","locations":[{"start":{"line":219,"column":16},"end":{"line":219,"column":16}},{"start":{"line":219,"column":16},"end":{"line":219,"column":16}}]}}},"E:\\E\\projects\\Node Projects\\stella_assignment\\providerscc\\src\\validator.js":{"path":"E:\\E\\projects\\Node Projects\\stella_assignment\\providerscc\\src\\validator.js","s":{"1":1,"2":1,"3":0,"4":0,"5":0,"6":0,"7":0,"8":0,"9":0,"10":0,"11":0,"12":0,"13":0,"14":0,"15":0,"16":0,"17":0,"18":0,"19":0,"20":0,"21":0,"22":0,"23":0,"24":0,"25":1,"26":0,"27":0,"28":0,"29":0,"30":0,"31":0,"32":0,"33":0,"34":0,"35":0,"36":0,"37":0,"38":0,"39":0},"b":{"1":[0,0],"2":[0,0],"3":[0,0],"4":[0,0],"5":[0,0],"6":[0,0],"7":[0,0],"8":[0,0,0],"9":[0,0],"10":[0,0],"11":[0,0],"12":[0,0],"13":[0,0],"14":[0,0],"15":[0,0],"16":[0,0],"17":[0,0]},"f":{"1":0,"2":0},"fnMap":{"1":{"name":"(anonymous_1)","line":3,"loc":{"start":{"line":3,"column":27},"end":{"line":3,"column":42}}},"2":{"name":"(anonymous_2)","line":32,"loc":{"start":{"line":32,"column":27},"end":{"line":32,"column":69}}}},"statementMap":{"1":{"start":{"line":2,"column":0},"end":{"line":2,"column":26}},"2":{"start":{"line":3,"column":0},"end":{"line":31,"column":2}},"3":{"start":{"line":4,"column":4},"end":{"line":4,"column":12}},"4":{"start":{"line":5,"column":4},"end":{"line":5,"column":12}},"5":{"start":{"line":6,"column":4},"end":{"line":6,"column":10}},"6":{"start":{"line":7,"column":4},"end":{"line":7,"column":10}},"7":{"start":{"line":8,"column":4},"end":{"line":8,"column":19}},"8":{"start":{"line":9,"column":4},"end":{"line":14,"column":21}},"9":{"start":{"line":10,"column":8},"end":{"line":10,"column":16}},"10":{"start":{"line":11,"column":9},"end":{"line":14,"column":21}},"11":{"start":{"line":12,"column":8},"end":{"line":12,"column":17}},"12":{"start":{"line":14,"column":8},"end":{"line":14,"column":21}},"13":{"start":{"line":15,"column":4},"end":{"line":15,"column":10}},"14":{"start":{"line":16,"column":4},"end":{"line":26,"column":5}},"15":{"start":{"line":17,"column":8},"end":{"line":17,"column":56}},"16":{"start":{"line":18,"column":8},"end":{"line":23,"column":9}},"17":{"start":{"line":19,"column":12},"end":{"line":22,"column":13}},"18":{"start":{"line":20,"column":16},"end":{"line":20,"column":26}},"19":{"start":{"line":21,"column":16},"end":{"line":21,"column":22}},"20":{"start":{"line":24,"column":8},"end":{"line":24,"column":19}},"21":{"start":{"line":25,"column":8},"end":{"line":25,"column":12}},"22":{"start":{"line":27,"column":4},"end":{"line":30,"column":21}},"23":{"start":{"line":28,"column":8},"end":{"line":28,"column":20}},"24":{"start":{"line":30,"column":8},"end":{"line":30,"column":21}},"25":{"start":{"line":32,"column":0},"end":{"line":55,"column":2}},"26":{"start":{"line":33,"column":4},"end":{"line":33,"column":20}},"27":{"start":{"line":34,"column":4},"end":{"line":53,"column":66}},"28":{"start":{"line":35,"column":8},"end":{"line":39,"column":9}},"29":{"start":{"line":36,"column":12},"end":{"line":38,"column":13}},"30":{"start":{"line":37,"column":16},"end":{"line":37,"column":64}},"31":{"start":{"line":40,"column":8},"end":{"line":40,"column":146}},"32":{"start":{"line":41,"column":8},"end":{"line":45,"column":9}},"33":{"start":{"line":42,"column":12},"end":{"line":44,"column":13}},"34":{"start":{"line":43,"column":16},"end":{"line":43,"column":78}},"35":{"start":{"line":46,"column":8},"end":{"line":50,"column":9}},"36":{"start":{"line":47,"column":12},"end":{"line":49,"column":13}},"37":{"start":{"line":48,"column":16},"end":{"line":48,"column":71}},"38":{"start":{"line":53,"column":8},"end":{"line":53,"column":66}},"39":{"start":{"line":54,"column":4},"end":{"line":54,"column":18}}},"branchMap":{"1":{"line":9,"type":"if","locations":[{"start":{"line":9,"column":4},"end":{"line":9,"column":4}},{"start":{"line":9,"column":4},"end":{"line":9,"column":4}}]},"2":{"line":9,"type":"binary-expr","locations":[{"start":{"line":9,"column":9},"end":{"line":9,"column":16}},{"start":{"line":9,"column":22},"end":{"line":9,"column":53}}]},"3":{"line":11,"type":"if","locations":[{"start":{"line":11,"column":9},"end":{"line":11,"column":9}},{"start":{"line":11,"column":9},"end":{"line":11,"column":9}}]},"4":{"line":18,"type":"if","locations":[{"start":{"line":18,"column":8},"end":{"line":18,"column":8}},{"start":{"line":18,"column":8},"end":{"line":18,"column":8}}]},"5":{"line":19,"type":"if","locations":[{"start":{"line":19,"column":12},"end":{"line":19,"column":12}},{"start":{"line":19,"column":12},"end":{"line":19,"column":12}}]},"6":{"line":27,"type":"if","locations":[{"start":{"line":27,"column":4},"end":{"line":27,"column":4}},{"start":{"line":27,"column":4},"end":{"line":27,"column":4}}]},"7":{"line":34,"type":"if","locations":[{"start":{"line":34,"column":4},"end":{"line":34,"column":4}},{"start":{"line":34,"column":4},"end":{"line":34,"column":4}}]},"8":{"line":34,"type":"binary-expr","locations":[{"start":{"line":34,"column":8},"end":{"line":34,"column":24}},{"start":{"line":34,"column":28},"end":{"line":34,"column":43}},{"start":{"line":34,"column":47},"end":{"line":34,"column":63}}]},"9":{"line":35,"type":"if","locations":[{"start":{"line":35,"column":8},"end":{"line":35,"column":8}},{"start":{"line":35,"column":8},"end":{"line":35,"column":8}}]},"10":{"line":35,"type":"binary-expr","locations":[{"start":{"line":35,"column":12},"end":{"line":35,"column":44}},{"start":{"line":35,"column":48},"end":{"line":35,"column":64}}]},"11":{"line":36,"type":"if","locations":[{"start":{"line":36,"column":12},"end":{"line":36,"column":12}},{"start":{"line":36,"column":12},"end":{"line":36,"column":12}}]},"12":{"line":41,"type":"if","locations":[{"start":{"line":41,"column":8},"end":{"line":41,"column":8}},{"start":{"line":41,"column":8},"end":{"line":41,"column":8}}]},"13":{"line":41,"type":"binary-expr","locations":[{"start":{"line":41,"column":12},"end":{"line":41,"column":44}},{"start":{"line":41,"column":48},"end":{"line":41,"column":64}}]},"14":{"line":42,"type":"if","locations":[{"start":{"line":42,"column":12},"end":{"line":42,"column":12}},{"start":{"line":42,"column":12},"end":{"line":42,"column":12}}]},"15":{"line":46,"type":"if","locations":[{"start":{"line":46,"column":8},"end":{"line":46,"column":8}},{"start":{"line":46,"column":8},"end":{"line":46,"column":8}}]},"16":{"line":46,"type":"binary-expr","locations":[{"start":{"line":46,"column":12},"end":{"line":46,"column":43}},{"start":{"line":46,"column":47},"end":{"line":46,"column":62}}]},"17":{"line":47,"type":"if","locations":[{"start":{"line":47,"column":12},"end":{"line":47,"column":12}},{"start":{"line":47,"column":12},"end":{"line":47,"column":12}}]}}}}